[    0.000000] Initializing cgroup subsys cpuset
[    0.000000] Initializing cgroup subsys cpu
[    0.000000] Initializing cgroup subsys cpuacct
[    0.000000] Linux version 4.4.0-101-generic (buildd@lcy01-amd64-006) (gcc version 5.4.0 20160609 (Ubuntu 5.4.0-6ubuntu1~16.04.5) ) #124-Ubuntu SMP Fri Nov 10 18:29:59 UTC 2017 (Ubuntu 4.4.0-101.124-generic 4.4.95)
[    0.000000] Command line: BOOT_IMAGE=/boot/vmlinuz-4.4.0-101-generic root=LABEL=cloudimg-rootfs ro console=tty1 console=ttyS0
[    0.000000] KERNEL supported cpus:
[    0.000000]   Intel GenuineIntel
[    0.000000]   AMD AuthenticAMD
[    0.000000]   Centaur CentaurHauls
[    0.000000] x86/fpu: xstate_offset[2]:  576, xstate_sizes[2]:  256
[    0.000000] x86/fpu: Supporting XSAVE feature 0x01: 'x87 floating point registers'
[    0.000000] x86/fpu: Supporting XSAVE feature 0x02: 'SSE registers'
[    0.000000] x86/fpu: Supporting XSAVE feature 0x04: 'AVX registers'
[    0.000000] x86/fpu: Enabled xstate features 0x7, context size is 832 bytes, using 'standard' format.
[    0.000000] x86/fpu: Using 'lazy' FPU context switches.
[    0.000000] e820: BIOS-provided physical RAM map:
[    0.000000] BIOS-e820: [mem 0x0000000000000000-0x000000000009fbff] usable
[    0.000000] BIOS-e820: [mem 0x000000000009fc00-0x000000000009ffff] reserved
[    0.000000] BIOS-e820: [mem 0x00000000000f0000-0x00000000000fffff] reserved
[    0.000000] BIOS-e820: [mem 0x0000000000100000-0x000000003ffeffff] usable
[    0.000000] BIOS-e820: [mem 0x000000003fff0000-0x000000003fffffff] ACPI data
[    0.000000] BIOS-e820: [mem 0x00000000fec00000-0x00000000fec00fff] reserved
[    0.000000] BIOS-e820: [mem 0x00000000fee00000-0x00000000fee00fff] reserved
[    0.000000] BIOS-e820: [mem 0x00000000fffc0000-0x00000000ffffffff] reserved
[    0.000000] NX (Execute Disable) protection: active
[    0.000000] SMBIOS 2.5 present.
[    0.000000] Hypervisor detected: KVM
[    0.000000] e820: last_pfn = 0x3fff0 max_arch_pfn = 0x400000000
[    0.000000] MTRR: Disabled
[    0.000000] x86/PAT: MTRRs disabled, skipping PAT initialization too.
[    0.000000] CPU MTRRs all blank - virtualized system.
[    0.000000] x86/PAT: Configuration [0-7]: WB  WT  UC- UC  WB  WT  UC- UC  
[    0.000000] found SMP MP-table at [mem 0x0009fff0-0x0009ffff] mapped at [ffff88000009fff0]
[    0.000000] Scanning 1 areas for low memory corruption
[    0.000000] RAMDISK: [mem 0x36abc000-0x37555fff]
[    0.000000] ACPI: Early table checksum verification disabled
[    0.000000] ACPI: RSDP 0x00000000000E0000 000024 (v02 VBOX  )
[    0.000000] ACPI: XSDT 0x000000003FFF0030 00003C (v01 VBOX   VBOXXSDT 00000001 ASL  00000061)
[    0.000000] ACPI: FACP 0x000000003FFF00F0 0000F4 (v04 VBOX   VBOXFACP 00000001 ASL  00000061)
[    0.000000] ACPI: DSDT 0x000000003FFF0470 00210F (v01 VBOX   VBOXBIOS 00000002 INTL 20100528)
[    0.000000] ACPI: FACS 0x000000003FFF0200 000040
[    0.000000] ACPI: FACS 0x000000003FFF0200 000040
[    0.000000] ACPI: APIC 0x000000003FFF0240 00005C (v02 VBOX   VBOXAPIC 00000001 ASL  00000061)
[    0.000000] ACPI: SSDT 0x000000003FFF02A0 0001CC (v01 VBOX   VBOXCPUT 00000002 INTL 20100528)
[    0.000000] No NUMA configuration found
[    0.000000] Faking a node at [mem 0x0000000000000000-0x000000003ffeffff]
[    0.000000] NODE_DATA(0) allocated [mem 0x3ffeb000-0x3ffeffff]
[    0.000000] kvm-clock: Using msrs 4b564d01 and 4b564d00
[    0.000000] kvm-clock: cpu 0, msr 0:3ffe3001, primary cpu clock
[    0.000000] kvm-clock: using sched offset of 2959598971 cycles
[    0.000000] clocksource: kvm-clock: mask: 0xffffffffffffffff max_cycles: 0x1cd42e4dffb, max_idle_ns: 881590591483 ns
[    0.000000] Zone ranges:
[    0.000000]   DMA      [mem 0x0000000000001000-0x0000000000ffffff]
[    0.000000]   DMA32    [mem 0x0000000001000000-0x000000003ffeffff]
[    0.000000]   Normal   empty
[    0.000000]   Device   empty
[    0.000000] Movable zone start for each node
[    0.000000] Early memory node ranges
[    0.000000]   node   0: [mem 0x0000000000001000-0x000000000009efff]
[    0.000000]   node   0: [mem 0x0000000000100000-0x000000003ffeffff]
[    0.000000] Initmem setup node 0 [mem 0x0000000000001000-0x000000003ffeffff]
[    0.000000] ACPI: PM-Timer IO Port: 0x4008
[    0.000000] IOAPIC[0]: apic_id 2, version 32, address 0xfec00000, GSI 0-23
[    0.000000] ACPI: INT_SRC_OVR (bus 0 bus_irq 0 global_irq 2 dfl dfl)
[    0.000000] ACPI: INT_SRC_OVR (bus 0 bus_irq 9 global_irq 9 high level)
[    0.000000] Using ACPI (MADT) for SMP configuration information
[    0.000000] smpboot: Allowing 2 CPUs, 0 hotplug CPUs
[    0.000000] PM: Registered nosave memory: [mem 0x00000000-0x00000fff]
[    0.000000] PM: Registered nosave memory: [mem 0x0009f000-0x0009ffff]
[    0.000000] PM: Registered nosave memory: [mem 0x000a0000-0x000effff]
[    0.000000] PM: Registered nosave memory: [mem 0x000f0000-0x000fffff]
[    0.000000] e820: [mem 0x40000000-0xfebfffff] available for PCI devices
[    0.000000] Booting paravirtualized kernel on KVM
[    0.000000] clocksource: refined-jiffies: mask: 0xffffffff max_cycles: 0xffffffff, max_idle_ns: 7645519600211568 ns
[    0.000000] setup_percpu: NR_CPUS:512 nr_cpumask_bits:512 nr_cpu_ids:2 nr_node_ids:1
[    0.000000] PERCPU: Embedded 34 pages/cpu @ffff88003fc00000 s98328 r8192 d32744 u1048576
[    0.000000] PV qspinlock hash table entries: 256 (order: 0, 4096 bytes)
[    0.000000] Built 1 zonelists in Node order, mobility grouping on.  Total pages: 257913
[    0.000000] Policy zone: DMA32
[    0.000000] Kernel command line: BOOT_IMAGE=/boot/vmlinuz-4.4.0-101-generic root=LABEL=cloudimg-rootfs ro console=tty1 console=ttyS0
[    0.000000] PID hash table entries: 4096 (order: 3, 32768 bytes)
[    0.000000] Memory: 1001708K/1048120K available (8484K kernel code, 1294K rwdata, 3988K rodata, 1492K init, 1316K bss, 46412K reserved, 0K cma-reserved)
[    0.000000] SLUB: HWalign=64, Order=0-3, MinObjects=0, CPUs=2, Nodes=1
[    0.000000] Hierarchical RCU implementation.
[    0.000000] 	Build-time adjustment of leaf fanout to 64.
[    0.000000] 	RCU restricting CPUs from NR_CPUS=512 to nr_cpu_ids=2.
[    0.000000] RCU: Adjusting geometry for rcu_fanout_leaf=64, nr_cpu_ids=2
[    0.000000] NR_IRQS:33024 nr_irqs:440 16
[    0.000000] Console: colour VGA+ 80x25
[    0.000000] console [tty1] enabled
[    0.000000] console [ttyS0] enabled
[    0.000000] tsc: Detected 2194.918 MHz processor
[   12.576054] Calibrating delay loop (skipped) preset value.. 4389.83 BogoMIPS (lpj=8779672)
[   12.605496] pid_max: default: 32768 minimum: 301
[   12.616645] ACPI: Core revision 20150930
[   12.641215] ACPI: 2 ACPI AML tables successfully acquired and loaded
[   12.677285] Security Framework initialized
[   12.779994] Yama: becoming mindful.
[   12.861266] AppArmor: AppArmor initialized
[   12.959732] Dentry cache hash table entries: 131072 (order: 8, 1048576 bytes)
[   13.116200] Inode-cache hash table entries: 65536 (order: 7, 524288 bytes)
[   13.295109] Mount-cache hash table entries: 2048 (order: 2, 16384 bytes)
[   13.439886] Mountpoint-cache hash table entries: 2048 (order: 2, 16384 bytes)
[   13.508589] Initializing cgroup subsys io
[   13.598687] Initializing cgroup subsys memory
[   13.698738] Initializing cgroup subsys devices
[   13.819008] Initializing cgroup subsys freezer
[   13.928695] Initializing cgroup subsys net_cls
[   14.021727] Initializing cgroup subsys perf_event
[   14.091148] Initializing cgroup subsys net_prio
[   14.141580] Initializing cgroup subsys hugetlb
[   14.263856] Initializing cgroup subsys pids
[   14.367730] CPU: Physical Processor ID: 0
[   14.466412] CPU: Processor Core ID: 0
[   14.556931] mce: CPU supports 0 MCE banks
[   14.588918] Last level iTLB entries: 4KB 1024, 2MB 1024, 4MB 1024
[   14.651332] Last level dTLB entries: 4KB 1024, 2MB 1024, 4MB 1024, 1GB 4
[   14.829577] Freeing SMP alternatives memory: 32K
[   14.954501] ftrace: allocating 32156 entries in 126 pages
[   15.123387] smpboot: APIC(0) Converting physical 0 to logical package 0
[   15.282635] smpboot: Max logical packages: 1
[   15.390037] x2apic enabled
[   15.465995] Switched APIC routing to physical x2apic.
[   15.599935] ..TIMER: vector=0x30 apic1=0 pin1=2 apic2=-1 pin2=-1
[   15.792107] smpboot: CPU0: Intel(R) Core(TM) i7-4770HQ CPU @ 2.20GHz (family: 0x6, model: 0x46, stepping: 0x1)
[   16.052360] Performance Events: unsupported p6 CPU model 70 no PMU driver, software events only.
[   16.277159] KVM setup paravirtual spinlock
[   16.395517] x86: Booting SMP configuration:
[   16.487882] .... node  #0, CPUs:      #1
[   16.59873]] kvm-coock  cpu 1, msr 0:3ffe3041, secondary cpu clock
[   16.746451] mce: CPU supports 0 MCE banks
[   16.764544] x86: Booted up 1 node, 2 CPUs
[   16.802329] smpboot: Total of 2 processors activated (8779.67 BogoMIPS)
[   16.950594] devtmpfs: initialized
[   17.038136] evm: security.selinux
[   17.125027] evm: security.SMACK64
[   17.209214] evm: security.SMACK64EXEC
[   17.298412] evm: security.SMACK64TRANSMUTE
[   17.414483] evm: security.SMACK64MMAP
[   17.504940] evm: security.ima
[   17.571557] evm: security.capability
[   17.666432] clocksource: jiffies: mask: 0xffffffff max_cycles: 0xffffffff, max_idle_ns: 7645041785100000 ns
[   17.853640] futex hash table entries: 512 (order: 3, 32768 bytes)
[   17.908437] pinctrl core: initialized pinctrl subsystem
[   18.026597] RTC time: 22:00:43, date: 11/23/17
[   18.137272] NET: Registered protocol family 16
[   18.257541] cpuidle: using governor ladder
[   18.376974] cpuidle: using governor menu
[   18.482622] PCCT header not found.
[   18.577443] ACPI: bus type PCI registered
[   18.685135] acpiphp: ACPI Hot Plug PCI Controller Driver version: 0.5
[   18.861632] PCI: Using configuration type 1 for base access
[   18.953433] ACPI: Added _OSI(Module Device)
[   18.972308] ACPI: Added _OSI(Processor Device)
[   19.057213] ACPI: Added _OSI(3.0 _SCP Extensions)
[   19.177565] ACPI: Added _OSI(Processor Aggregator Device)
[   19.323240] ACPI: Executed 1 blocks of module-level executable AML code
[   19.503042] ACPI: Interpreter enabled
[   19.594563] ACPI: (supports S0 S5)
[   19.689182] ACPI: Using IOAPIC for interrupt routing
[   19.786410] PCI: Using host bridge windows from ACPI; if necessary, use "pci=nocrs" and report a bug
[   20.022594] ACPI: PCI Root Bridge [PCI0] (domain 0000 [bus 00-ff])
[   20.062578] acpi PNP0A03:00: _OSC: OS supports [ASPM ClockPM Segments MSI]
[   20.218430] acpi PNP0A03:00: _OSC failed (AE_NOT_FOUND); disabling ASPM
[   20.399534] acpi PNP0A03:00: fail to add MMCONFIG information, can't access extended PCI configuration space under this bridge.
[   20.683705] PCI host bridge to bus 0000:00
[   20.722824] pci_bus 0000:00: root bus resource [io  0x0000-0x0cf7 window]
[   20.901073] pci_bus 0000:00: root bus resource [io  0x0d00-0xffff window]
[   21.057776] pci_bus 0000:00: root bus resource [mem 0x000a0000-0x000bffff window]
[   21.137724] pci_bus 0000:00: root bus resource [mem 0x40000000-0xffdfffff window]
[   21.237661] pci_bus 0000:00: root bus resource [bus 00-ff]
[   21.373649] pci 0000:00:01.1: legacy IDE quirk: reg 0x10: [io  0x01f0-0x01f7]
[   21.575092] pci 0000:00:01.1: legacy IDE quirk: reg 0x14: [io  0x03f6]
[   21.731536] pci 0000:00:01.1: legacy IDE quirk: reg 0x18: [io  0x0170-0x0177]
[   21.918881] pci 0000:00:01.1: legacy IDE quirk: reg 0x1c: [io  0x0376]
[   22.127726] pci 0000:00:07.0: quirk: [io  0x4000-0x403f] claimed by PIIX4 ACPI
[   22.227484] pci 0000:00:07.0: quirk: [io  0x4100-0x410f] claimed by PIIX4 SMB
[   22.361430] ACPI: PCI Interrupt Link [LNKA] (IRQs 5 9 10 *11)
[   22.502240] ACPI: PCI Interrupt Link [LNKB] (IRQs 5 9 10 *11)
[   22.642538] ACPI: PCI Interrupt Link [LNKC] (IRQs 5 9 *10 11)
[   22.783036] ACPI: PCI Interrupt Link [LNKD] (IRQs 5 *9 10 11)
[   22.906547] ACPI: Enabled 2 GPEs in block 00 to 07
[   23.018419] vgaarb: setting as boot device: PCI:0000:00:02.0
[   23.179208] vgaarb: device added: PCI:0000:00:02.0,decodes=io+mem,owns=io+mem,locks=none
[   23.314696] vgaarb: loaded
[   23.330180] vgaarb: bridge control possible 0000:00:02.0
[   23.423938] SCSI subsystem initialized
[   23.529102] ACPI: bus type USB registered
[   23.640089] usbcore: registered new interface driver usbfs
[   23.782153] usbcore: registered new interface driver hub
[   23.938906] usbcore: registered new device driver usb
[   24.091116] PCI: Using ACPI for IRQ routing
[   24.191193] NetLabel: Initializing
[   24.269508] NetLabel:  domain hash size = 128
[   24.374030] NetLabel:  protocols = UNLABELED CIPSOv4
[   24.407658] NetLabel:  unlabeled traffic allowed by default
[   24.492026] amd_nb: Cannot enumerate AMD northbridges
[   24.623473] clocksource: Switched to clocksource kvm-clock
[   24.786904] AppArmor: AppArmor Filesystem Enabled
[   24.931897] pnp: PnP ACPI init
[   25.026171] pnp: PnP ACPI: found 3 devices
[   25.153592] clocksource: acpi_pm: mask: 0xffffff max_cycles: 0xffffff, max_idle_ns: 2085701024 ns
[   25.406844] NET: Registered protocol family 2
[   25.496462] TCP established hash table entries: 8192 (order: 4, 65536 bytes)
[   25.678832] TCP bind hash table entries: 8192 (order: 5, 131072 bytes)
[   25.854224] TCP: Hash tables configured (established 8192 bind 8192)
[   26.042622] UDP hash table entries: 512 (order: 2, 16384 bytes)
[   26.187470] UDP-Lite hash table entries: 512 (order: 2, 16384 bytes)
[   26.355853] NET: Registered protocol family 1
[   26.465465] pci 0000:00:00.0: Limiting direct PCI/PCI transfers
[   26.595477] pci 0000:00:01.0: Activating ISA DMA hang workarounds
[   26.730796] Unpacking initramfs...
[   28.485537] Freeing initrd memory: 10856K
[   28.607230] platform rtc_cmos: registered platform RTC device (no PNP device found)
[   28.775438] Scanning for low memory corruption every 60 seconds
[   28.907179] audit: initializing netlink subsys (disabled)
[   29.034585] audit: type=2000 audit(1511474435.531:1): initialized
[   29.195259] Initialise system trusted keyring
[   29.315352] HugeTLB registered 2 MB page size, pre-allocated 0 pages
[   29.471235] zbud: loaded
[   29.528443] VFS: Disk quotas dquot_6.6.0
[   29.638416] tsc: Refined TSC clocksource calibration: 2194.885 MHz
[   29.820828] clocksource: tsc: mask: 0xffffffffffffffff max_cycles: 0x1fa352f8c83, max_idle_ns: 440795282681 ns
[   29.820937] VFS: Dquot-cache hash table entries: 512 (order 0, 4096 bytes)
[   29.821177] squashfs: version 4.0 (2009/01/31) Phillip Lougher
[   29.821402] fuse init (API version 7.23)
[   29.821529] Key type big_key registered
[   29.821550] Allocating IMA MOK and blacklist keyrings.
[   29.821737] Key type asymmetric registered
[   29.821743] Asymmetric key parser 'x509' registered
[   29.821774] Block layer SCSI generic (bsg) driver version 0.4 loaded (major 249)
[   29.821799] io scheduler noop registered
[   29.821801] io scheduler deadline registered (default)
[   29.821824] io scheduler cfq registered
[   29.821909] pci_hotplug: PCI Hot Plug PCI Core version: 0.5
[   29.821913] pciehp: PCI Express Hot Plug Controller Driver version: 0.4
[   29.822238] ACPI: AC Adapter [AC] (on-line)
[   29.822291] input: Power Button as /devices/LNXSYSTM:00/LNXPWRBN:00/input/input0
[   29.822293] ACPI: Power Button [PWRF]
[   29.822364] input: Sleep Button as /devices/LNXSYSTM:00/LNXSLPBN:00/input/input1
[   29.822365] ACPI: Sleep Button [SLPF]
[   29.822497] GHES: HEST is not enabled!
[   29.823351] ACPI: Battery Slot [BAT0] (battery present)
[   29.823392] Serial: 8250/16550 driver, 32 ports, IRQ sharing enabled
[   30.106474] 00:02: ttyS0 at I/O 0x3f8 (irq = 4, base_baud = 115200) is a 16550A
[   30.254811] Linux agpgart interface v0.103
[   30.410990] loop: module loaded
[   30.411459] scsi host0: ata_piix
[   30.411506] scsi host1: ata_piix
[   30.411532] ata1: PATA max UDMA/33 cmd 0x1f0 ctl 0x3f6 bmdma 0xd000 irq 14
[   30.411532] ata2: PATA max UDMA/33 cmd 0x170 ctl 0x376 bmdma 0xd008 irq 15
[   30.411598] libphy: Fixed MDIO Bus: probed
[   30.411601] tun: Universal TUN/TAP device driver, 1.6
[   30.411601] tun: (C) 1999-2004 Max Krasnyansky <maxk@qualcomm.com>
[   30.411886] PPP generic driver version 2.4.2
[   30.411939] ehci_hcd: USB 2.0 'Enhanced' Host Controller (EHCI) Driver
[   30.411943] ehci-pci: EHCI PCI platform driver
[   30.411957] ehci-platform: EHCI generic platform driver
[   30.411964] ohci_hcd: USB 1.1 'Open' Host Controller (OHCI) Driver
[   30.411967] ohci-pci: OHCI PCI platform driver
[   30.411975] ohci-platform: OHCI generic platform driver
[   30.411982] uhci_hcd: USB Universal Host Controller Interface driver
[   30.412031] i8042: PNP: PS/2 Controller [PNP0303:PS2K,PNP0f03:PS2M] at 0x60,0x64 irq 1,12
[   30.485214] serio: i8042 KBD port at 0x60,0x64 irq 1
[   30.485221] serio: i8042 AUX port at 0x60,0x64 irq 12
[   30.485356] mousedev: PS/2 mouse device common for all mice
[   30.485647] rtc_cmos rtc_cmos: rtc core: registered rtc_cmos as rtc0
[   30.485696] rtc_cmos rtc_cmos: alarms up to one day, 114 bytes nvram
[   30.485702] i2c /dev entries driver
[   30.485756] device-mapper: uevent: version 1.0.3
[   30.485804] device-mapper: ioctl: 4.34.0-ioctl (2015-10-28) initialised: dm-devel@redhat.com
[   30.485820] ledtrig-cpu: registered to indicate activity on CPUs
[   30.486060] NET: Registered protocol family 10
[   30.486203] NET: Registered protocol family 17
[   30.486211] Key type dns_resolver registered
[   30.562811] microcode: CPU0 sig=0x40661, pf=0x40, revision=0x0
[   30.563082] microcode: CPU1 sig=0x40661, pf=0x40, revision=0x0
[   30.563319] microcode: Microcode Update Driver: v2.01 <tigran@aivazian.fsnet.co.uk>, Peter Oruba
[   30.563446] registered taskstats version 1
[   30.563462] Loading compiled-in X.509 certificates
[   30.564057] Loaded X.509 cert 'Build time autogenerated kernel key: f91c6829a34a801956ec6287af569c0a1f1f8d39'
[   30.564079] zswap: loaded using pool lzo/zbud
[   30.565338] Key type trusted registered
[   30.567211] Key type encrypted registered
[   30.567215] AppArmor: AppArmor sha1 policy hashing enabled
[   30.567218] ima: No TPM chip found, activating TPM-bypass!
[   30.567232] evm: HMAC attrs: 0x1
[   30.567479]   Magic number: 9:57:48
[   30.699158] rtc_cmos rtc_cmos: setting system clock to 2017-11-23 22:00:56 UTC (1511474456)
[   30.699305] BIOS EDD facility v0.16 2004-Jun-25, 0 devices found
[   30.699305] EDD information not available.
[   30.950777] input: AT Translated Set 2 keyboard as /devices/platform/i8042/serio0/input/input2
[   37.090359] Freeing unused kernel memory: 1492K
[   37.304836] Write protecting the kernel read-only data: 14336k
[   37.501874] Freeing unused kernel memory: 1744K
[   37.524256] Freeing unused kernel memory: 108K
Loading, please wait...
starting version[   37.548826] random: systemd-udevd: uninitialized urandom read (16 bytes read, 4 bits of entropy available)
 229
[   37.549362] random: udevadm: uninitialized urandom read (16 bytes read, 4 bits of entropy available)
[   37.549376] random: udevadm: uninitialized urandom read (16 bytes read, 4 bits of entropy available)
[   37.555526] random: udevadm: uninitialized urandom read (16 bytes read, 4 bits of entropy available)
[   37.555557] random: udevadm: uninitialized urandom read (16 bytes read, 4 bits of entropy available)
[   37.555647] random: udevadm: uninitialized urandom read (16 bytes read, 4 bits of entropy available)
[   37.555680] random: udevadm: uninitialized urandom read (16 bytes read, 4 bits of entropy available)
[   37.555711] random: udevadm: uninitialized urandom read (16 bytes read, 4 bits of entropy available)
[   37.555742] random: udevadm: uninitialized urandom read (16 bytes read, 4 bits of entropy available)
[   37.555774] random: udevadm: uninitialized urandom read (16 bytes read, 4 bits of entropy available)
[   39.749646] e1000: Intel(R) PRO/1000 Network Driver - version 7.3.21-k8-NAPI
[   40.039363] e1000: Copyright (c) 1999-2006 Intel Corporation.
[   40.252208] Fusion MPT base driver 3.04.20
[   40.396188] Copyright (c) 1999-2008 LSI Corporation
[   40.620920] Fusion MPT SPI Host driver 3.04.20
[   40.766839] AVX version of gcm_enc/dec engaged.
[   40.789290] AES CTR mode by8 optimization enabled
[   40.972418] input: ImExPS/2 Generic Explorer Mouse as /devices/platform/i8042/serio1/input/input4
[   41.119311] e1000 0000:00:03.0 eth0: (PCI:33MHz:32-bit) 02:44:03:e3:22:ab
[   41.119314] e1000 0000:00:03.0 eth0: Intel(R) PRO/1000 Network Connection
[   41.296576] e1000 0000:00:03.0 enp0s3: renamed from eth0
[   41.296717] mptbase: ioc0: Initiating bringup
[   41.359883] ioc0: LSI53C1030 A0: Capabilities={Initiator}
[   41.927168] scsi host2: ioc0: LSI53C1030 A0, FwRev=00000000h, Ports=1, MaxQ=256, IRQ=20
[   42.356847] scsi 2:0:0:0: Direct-Access     VBOX     HARDDISK         1.0  PQ: 0 ANSI: 5
[   42.736077] scsi target2:0:0: Beginning Domain Validation
[   42.913249] scsi target2:0:0: Domain Validation skipping write tests
[   42.933120] scsi target2:0:0: Ending Domain Validation
[   42.953680] scsi target2:0:0: asynchronous
[   42.980964] scsi 2:0:1:0: Direct-Access     VBOX     HARDDISK         1.0  PQ: 0 ANSI: 5
[   43.000749] scsi target2:0:1: Beginning Domain Validation
[   43.040361] scsi target2:0:1: Domain Validation skipping write tests
[   43.064285] scsi target2:0:1: Ending Domain Validation
[   43.239664] floppy0: no floppy controllers found
[   43.414494] work still pending
[   43.414628] scsi target2:0:1: asynchronous
[   43.554147] sd 2:0:0:0: [sda] 20971520 512-byte logical blocks: (10.7 GB/10.0 GiB)
[   43.554478] sd 2:0:0:0: [sda] Write Protect is off
[   43.554722] sd 2:0:0:0: [sda] Incomplete mode parameter data
[   43.554723] sd 2:0:0:0: [sda] Assuming drive cache: write through
[   43.768423] sd 2:0:0:0: Attached scsi generic sg0 type 0
[   43.768741] sd 2:0:1:0: Attached scsi generic sg1 type 0
[   43.769102] sd 2:0:1:0: [sdb] 20480 512-byte logical blocks: (10.5 MB/10.0 MiB)
[   43.769413] sd 2:0:1:0: [sdb] Write Protect is off
[   43.769634] sd 2:0:1:0: [sdb] Incomplete mode parameter data
[   43.769635] sd 2:0:1:0: [sdb] Assuming drive cache: write through
[   43.771722]  sda: sda1
[   43.772822] sd 2:0:0:0: [sda] Attached SCSI disk
[   43.772887] sd 2:0:1:0: [sdb] Attached SCSI disk
Begin: Loading e[   46.541031] md: linear personality registered for level -1
ssential drivers[   46.704305] md: multipath personality registered for level -4
 ... [   46.853287] md: raid0 personality registered for level 0
[   46.987605] md: raid1 personality registered for level 1
[   47.211512] raid6: sse2x1   gen() 10134 MB/s
[   47.419788] raid6: sse2x1   xor()  6657 MB/s
[   47.693320] raid6: sse2x2   gen() 14114 MB/s
[   47.952445] raid6: sse2x2   xor()  8785 MB/s
[   48.240085] raid6: sse2x4   gen() 14347 MB/s
[   48.499537] raid6: sse2x4   xor()  8318 MB/s
[   48.665450] raid6: using algorithm sse2x4 gen() 14347 MB/s
[   48.922522] raid6: .... xor() 8318 MB/s, rmw enabled
[   49.111592] raid6: using ssse3x2 recovery algorithm
[   49.331100] xor: automatically using best checksumming function:
[   49.511943]    avx       : 23581.000 MB/sec
[   49.549662] async_tx: api initialized (async)
[   49.567443] md: raid6 personality registered for level 6
[   49.660576] md: raid5 personality registered for level 5
[   49.829717] md: raid4 personality registered for level 4
[   50.099814] md: raid10 personality registered for level 10
done.
Begin: Running /scripts/init-premount ... done[   50.302744] Btrfs loaded
.
Begin: Mounting root file system ... Begin: Running /scripts/[   50.402852] EXT4-fs (sda1): mounted filesystem with ordered data mode. Opts: (null)
local-top ... done.
Begin: Running /scripts/local-premount ... Scanning for Btrfs filesystems
done.
Warning: fsck not present, so skipping root file system
done.
Begin: Running /scripts/local-bottom ... done.
Begin: Running /scripts/init-bottom ... done.
[   50.708872] systemd[1]: systemd 229 running in system mode. (+PAM +AUDIT +SELINUX +IMA +APPARMOR +SMACK +SYSVINIT +UTMP +LIBCRYPTSETUP +GCRYPT +GNUTLS +ACL +XZ -LZ4 +SECCOMP +BLKID +ELFUTILS +KMOD -IDN)
[   51.448888] systemd[1]: Detected virtualization oracle.
[   51.706915] systemd[1]: Detected architecture x86-64.

Welcome to [1mUbuntu 16.04.3 LTS[0m!

[   51.752089] systemd[1]: Set hostname to <ubuntu>.
[   51.851475] systemd[1]: Initializing machine ID from random generator.
[   51.852850] systemd[1]: Installed transient /etc/machine-id file.
[   51.936838] systemd[1]: Started Forward Password Requests to Wall Directory Watch.
[[0;32m  OK  [0m] Started Forward Password Requests to Wall Directory Watch.
[   52.408088] systemd[1]: Started Trigger resolvconf update for networkd DNS.
[[0;32m  OK  [0m] Started Trigger resolvconf update for networkd DNS.
[   52.768063] systemd[1]: Listening on Journal Socket.
[[0;32m  OK  [0m] Listening on Journal Socket.
[   52.841060] systemd[1]: Reached target User and Group Name Lookups.
[[0;32m  OK  [0m] Reached target User and Group Name Lookups.
[   529911028] systemd[1]: Set up automount Arbitrary Executable File Formats File System Automount Point.
[[0;32m  OK  [0m] Set up automount Arbitrary Executab...ats File System Automount Point.
[   53.376584] systemd[1]: Created slice System Slice.
[[0;32m  OK  [0m] Created slice System Slice.
[   53.604256] systemd[1]: StartingCCreate list of required static device nodes for the current kernel...
         Starting Create list of required st... nodes for the current kernel...
[   53.959779] systemd[1]: Moutting POSIX Message Queue File System...
[   53.960275] random: nonblocking pool is initialized
         Mounting POSIX Message Queue File System...
[   54.555905] systemd[1]: Mounting Debug File System...
         Mounting Debug File System...
[   54.795863] systemd[1]: Startnng Uncomplicated firewall...
         Starting Uncomplicated firewall...
[   55.020029] systemd[1]: Starting Set console keymap...
         Starting Set console keymap...
[   55.191779] systemd[1]: Mounting Huge Pages File System...
         Mounting Huge Pages File System...
[   55.471997] systemd[1]: Starting Remount Root and Kernel File Systems...
[   55.476842] EXT4-fs (sda1): re-mounted. Opts: (null)
         Starting Remount Root and Kernel File Systems...
[   56.071833] systemd[1]: Listening on Journal Audit Socket.
[[0;32m  OK  [0m] Listening on Journal Audit Socket.
[   56.119917] systemd[1]: Listening on LVM2 poll daemon socket.
[[0;32m  OK  [0m] Listening on LVM2 poll daemon socket.
[   56.388136] systemd[1]: Listening on LVM2 metadata daemon socket.
[[0;32m  OK  [0m] Listening on LVM2 metadata daemon socket.
[   56.736017] systemd[1]: Listening on Syslog Socket.
[[0;32m  OK  [0m] Listening on Syslog Socket.
[   56.972417] systemd[1]: Starting Load Kernel Modules...
[   57.119951] Loading iSCSI transport class v2.0-870.
         Starting Load Kernel Mo[   57.214652] iscsi: registered transport (tcp)
dules...
[   57.303880] systemd[1]: Reached target Swap.
[[0;32m  OK  [0m] Reached target Swap.
[   57.435847] iscsi: registered transport (iser)
[   77.572110] systemd[1]: Listening on Journal Socket (/dev/log).
[[0;32m  OK  [0m] Listening on Journal Socket (/dev/log).
[   57.967950] systemd[1]: Starting Journal Service...
         Starting Journal Service...
[   58.140335] systemd[1]: Listening on udev Kernel Socket.
[[0;32m  OK  [0m] Listening on udev Kernel Socket.
[   58.200059] systemd[1]: Listening on /dev/initctl Compatibility Named Pipe.
[[0;32m  OK  [0m] Listening on /dev/initctl Compatibility Named Pipe.
[   58.271816] systemd[1]: Listening on udev Control Socket.
[[0;32m  OK  [0m] Listening on udev Control Socket.
[   58.340210] systemd[1]: Created slice User and Sessio  Slice.
[[0;32m  OK  [0m] Created slice User and Session Slice.
[   58.547881] systemd[1]: Reached target Slices.
[[0;32m  OK  [0m] Reached target Slices.
[   58.736431] systemd[1]: Created slice system-serial\x2dgetty.slice.
[[0;32m  OK  [0m] Created slice system-serial\x2dgetty.slice.
[   59.059787] systemd[1]: Reached target Encrypted Volumes.
[[0;32m  OK  [0m] Reached target Encrypted Volumes.
[   59.327674] systemd[1]: Starting Nameserver information manager...
         Starting Nameserver information manager...
[   59.389464] systemd[1]: Listening on Device-mapper event daemon FIFOs.
[[0;32m  OK  [0m] Listening on Device-mapper event daemon FIFOs.
[   59.623778] systemd[1]: Starting Monitoring of LVM2 mirrors, snapshots etc. using dmeventd or progress polling...
         Starting Monitoring of LVM2 mirrors... dmeventd or progress polling...
[   60.088940] systemd[1]: Mounted POSIX Message Queue File System.
[[0;32m  OK  [0m] Mounted POSIX Message Queue File System.
[   60.392256] systemd[1]: Mounted Debug File System.
[[0;32m  OK  [0m] Mounted Debug File System.
[   60.459715] systemd[1]: Mounted Huge Pages File System.
[[0;32m  OK  [0m] Mounted Huge Pages File System.
[   60.544502] systemd[1]: Started Journal Service.
[[0;32m  OK  [0m] Started Journal Service.
[[0;32m  OK  [0m] Started Create list of required sta...ce nodes for the current kernel.
[[0;32m  OK  [0m] Started Uncomplicated firewall.
[[0;32m  OK  [0m] Started Set console keymap.
[[0;32m  OK  [0m] Started Remount Root and Kernel File Systems.
[[0;32m  OK  [0m] Started Load Kernel Modules.
[[0;32m  OK  [0m] Started Nameserver information manager.
[[0;32m  OK  [0m] Started LVM2 metadata daemon.
         Starting Apply Kernel Variables...
         Mounting FUSE Control File System...
         Starting udev Coldplug all Devices...
         Starting Initial cloud-init job (pre-networking)...
         Starting Load/Save Random Seed...
         Starting Create Static Device Nodes in /dev...
         Starting Flush Journal to Persistent Storage...
[[0;32m  OK  [0m] Mounted FUSE Control File System.
[[0;32m  OK  [0m] Started Apply Kernel Variables.
[[0;32m  OK  [0m] Started Load/Save Random Seed.
[[0;32m  OK  [0m] Started Monitoring of LVM2 mirrors,...ng dmeventd or progress polling.
[[0;32m  OK  [0m] Started Create Static Device Nodes in /dev.
[[0;32m  OK  [0m] Started udev Coldplug all Devices.
[[0;32m  OK  [0m] Started Flush Journal to Persistent Storage.
         Starting udev Kernel Device Manager...
[[0;32m  OK  [0m] Started udev Kernel Device Manager.
[[0;32m  OK  [0m] Reached target Local File Systems (Pre).
[[0;32m  OK  [0m] Reached target Local File Systems.
         Starting Commit a transient machine-id on disk...
         Starting Create Volatile Files and Directories...
         Starting LSB: AppArmor initialization...
         Starting Tell Plymouth To Write Out Runtime Data...
[   38.026716] cloud-init[451]: Cloud-init v. 17.1 running 'init-local' at Thu, 23 Nov 2017 22:01:27 +0000. Up 37.75 seconds.
         Starting Set console font and keymap...
[[0;32m  OK  [0m] Started Dispatch Password Requests to Console Directory Watch.
[[0;32m  OK  [0m] Started Commit a transient machine-id on disk.
[[0;32m  OK  [0m] Started Create Volatile Files and Directories.
[[0;32m  OK  [0m] Started Tell Plymouth To Write Out Runtime Data.
[[0;32m  OK  [0m] Started Initial cloud-init job (pre-networking).
[[0;32m  OK  [0m] Found device /dev/ttyS0.
[[0;32m  OK  [0m] Listening on Load/Save RF Kill Switch Status /dev/rfkill Watch.
[[0;32m  OK  [0m] Reached target Network (Pre).
[[0;32m  OK  [0m] Reached target System Time Synchronized.
         Starting Update UTMP about System Boot/Shutdown...
[[0;32m  OK  [0m] Started Set console font and keymap.
[[0;32m  OK  [0m] Started LSB: AppArmor initialization.
[[0;32m  OK  [0m] Started Update UTMP about System Boot/Shutdown.
         Starting Raise network interfaces...
[[0;32m  OK  [0m] Created slice system-getty.slice.
[[0;32m  OK  [0m] Started Raise network interfaces.
[[0;32m  OK  [0m] Reached target Network.
         Starting Initial cloud-init job (metadata service crawler)...
[   41.630051] cloud-init[941]: Cloud-init v. 17.1 running 'init' at Thu, 23 Nov 2017 22:01:31 +0000. Up 41.23 seconds.
[   41.721117] [cloud-init[0;32m  OK  [0m[941]: ] ci-info: +++++++++++++++++++++++++++++++++++++Net device info+++++++++++++++++++++++++++++++++++++Started Initial cloud-init job (metadata service crawler).

[   41.721697] cloud-init[941]: ci-info: +--------+------+---------------------------+---------------+-------+-------------------+
[   41.968627] [cloud-init[0;32m  OK  [0m[941]: ] ci-info: | Device |  Up  |          Address          |      Mask     | Scope |     Hw-Address    |Reached target Network is Online.

[   41.969236] cloud-init[941]: ci-info: +--------+------+---------------------------+---------------+-------+-------------------+
[   42.160591]          cloud-initStarting iSCSI initiator daemon (iscsid)...[941]: 
ci-info: | enp0s3 | True |         10.0.2.15         | 255.255.255.0 |   .   | 02:44:03:e3:22:ab |
[   42.297013] [cloud-init[0;32m  OK  [0m[941]: ] ci-info: | enp0s3 | True | fe80::44:3ff:fee3:22ab/64 |       .       |  link | 02:44:03:e3:22:ab |Reached target Cloud-config availability.

[[0;32m  OK  [0m] Reached target System Initialization.
[[0;32m  OK  [0m] Started Daily apt download activities.
[   42.297796] cloud-init[941]: ci-info: |   lo   | True |         127.0.0.1         |   255.0.0.0   |   .   |         .         |
[   42.596999]          cloud-initStarting Socket activation for snappy daemon.[941]: 
ci-info: |   lo   | True |          ::1/128          |       .       |  host |         .         |
[   42.736662] [cloud-init[0;32m  OK  [0m[941]: ] ci-info: +--------+------+---------------------------+---------------+-------+-------------------+Listening on UUID daemon activation socket.

[[0;32m  OK  [0m] Started Daily apt upgrade and clean activities.
[   42.737261] cloud-init[941]: ci-info: +++++++++++++++++++++++++++Route IPv4 info++++++++++++++++++++++++++++
[   43.001044]          cloud-initStarting LXD - unix socket.[941]: 
ci-info: +-------+-------------+----------+---------------+-----------+-------+
[   43.117148] [cloud-init[0;32m  OK  [0m[941]: ] ci-info: | Route | Destination | Gateway  |    Genmask    | Interface | Flags |Started ACPI Events Check.

[   43.204469] [cloud-init[0;32m  OK  [0m[941]: ] ci-info: +-------+-------------+----------+---------------+-----------+-------+Reached target Paths.

[[0;32m  OK  [0m] Started Timer to automatically refresh installed snaps.
[[0;32m  OK  [0m] Started Daily Cleanup of Temporary Directories.
[   43.204884] cloud-init[941]: ci-info: |   0   |   0.0.0.0   | 10.0.2.2 |    0.0.0.0    |   enp0s3  |   UG  |
[   43.484591] [cloud-init[0;32m  OK  [0m[941]: ] ci-info: |   1   |   10.0.2.0  | 0.0.0.0  | 255.255.255.0 |   enp0s3  |   U   |Listening on ACPID Listen Socket.

[[0;32m  OK  [0m] Reached target Timers.
[[0;32m  OK  [0m] Listening on D-Bus System Message Bus Socket.
[   43.485157] cloud-init[941]: ci-info: +-------+-------------+----------+---------------+-----------+-------+
[[0;32m  OK  [0m] Listening on Socket activation for snappy daemon.
[[0;32m  OK  [0m] Listening on LXD - unix socket.
[[0;32m  OK  [0m] Started iSCSI initiator daemon (iscsid).
[   43.741588] cloud-init[941]: Generating public/private rsa key pair.
[   43.928977]          cloud-initStarting Login to default iSCSI targets...[941]: 
Your identification has been saved in /etc/ssh/ssh_host_rsa_key.
[   44.032759] [cloud-init[0;32m  OK  [0m[941]: ] Your public key has been saved in /etc/ssh/ssh_host_rsa_key.pub.Reached target Sockets.

[[0;32m  OK  [0m] Reached target Basic System.
[   44.033359] cloud-init[941]: The key fingerprint is:
[   44.200487] [cloud-init[0;32m  OK  [0m[941]: ] SHA256:iHat/YGd1MfZ3nc1HU4Z3CIjm3d+rEk7/Q7jf17BF4c root@ubuntu-xenialStarted D-Bus System Message Bus.

[   44.201298] cloud-init[941]: The key's randomart image is:
[   44.328774] [cloud-init[0;32m  OK  [0m[941]: ] +---[RSA 2048]----+Started Regular background program processing daemon.

[   44.329394] cloud-init[941]: |              ...|
[   44.440742] [cloud-init[0;32m  OK  [0m[941]: ] |          . o .o+|Started FUSE filesystem for LXC.

[   44.441326] cloud-init[941]: |           + oE*.|
[   44.545022]          cloud-initStarting System Logging Service...[941]: 
|     . o  o...=o=|
[   44.621497] [cloud-init[0;32m  OK  [0m[941]: ] |    o o S ...o+*=|Started ACPI event daemon.

[[0;32m  OK  [0m] Started Unattended Upgrades Shutdown.
[   44.622079] cloud-init[941]: |   . . o + . .o.O|
[   44.764805] [cloud-init[0;32m  OK  [0m[941]: ] |      . o +  .o**|Started Deferred execution scheduler.

[   44.765355] cloud-init[941]: |         . . .=o*|
[   44.872402]          cloud-initStarting Apply the settings specified in cloud-config...[941]: 
|          .   .=B|
[   44.988502]          cloud-initStarting Pollinate to seed the pseudo random number generator...[941]: 
+----[SHA256]-----+
[   45.025785]          Starting LXD - container startup/shutdown...
         Starting LSB: MD monitoring daemon...
         Starting Accounts Service...
cloud-init[941]: Generating public/private dsa key pair.
[   45.028928] cloud-init[941]: Your identification has been saved in /etc/ssh/ssh_host_dsa_key.
[   45.030458] cloud-init[941]: Your public key has been saved in /etc/ssh/ssh_host_dsa_key.pub.
[   45.032007]          cloud-initStarting LSB: Record successful boot for GRUB...[941]: 
The key fingerprint is:
[   45.060442]          Starting Login Service...
cloud-init[941]: SHA256:hJmLWSeiuVpWcV0nIYVPl4FdWmHEDkVK4k/vVTQ7Sfo root@ubuntu-xenial
[   45.116296]          cloud-initStarting /etc/rc.local Compatibility...[941]: 
The key's randomart image is:
[   45.184664]          cloud-initStarting Snappy daemon...[941]: 
+---[DSA 1024]----+
[   45.205501] [cloud-init[0;32m  OK  [0m[941]: ] |        .o*++OO+.|Started System Logging Service.

[[0;32m  OK  [0m] Started Snappy daemon.
[   45.205873] cloud-init[941]: |       =.+o===+.+|
[   45.365934] [cloud-init[0;32m  OK  [0m[941]: ] |    o B +o..++ +.|Started LXD - container startup/shutdown.

[   45.366530] cloud-init[941]: |   o B =  .o .o o|
[   45.544800] [cloud-init[0;32m  OK  [0m[941]: ] |  o + . S   . .E.|Started /etc/rc.local Compatibility.

[   45.545191] cloud-init[941]: |   o         . . |
[   45.736862] [cloud-init[0;32m  OK  [0m[941]: ] |  +           .  |Started Pollinate to seed the pseudo random number generator.

[   45.737241] cloud-init[941]: | +               |
[   45.885158] cloud-init[941]: |.                |
[   45.886498] cloud-init[941]: +----[SHA256]-----+
[   45.924433] [cloud-init[0;32m  OK  [0m[941]: ] Generating public/private ecdsa key pair.Started Login to default iSCSI targets.

[   45.924918] cloud-init[941]: Your identification has been saved in /etc/ssh/ssh_host_ecdsa_key.
[[0;32m  OK  [0m] Started LSB: Record successful boot for GRUB.
[[0;32m  OK  [0m] Started LSB: MD monitoring daemon.
[   46.092713] cloud-init[941]: Your public key has been saved in /etc/ssh/ssh_host_ecdsa_key.pub.
[[0;32m  OK  [0m] Started Login Service.
[   46.252388] cloud-init[941]: The key fingerprint is:
[   46.280413]          cloud-initStarting Authenticate and Authorize Users to Run Privileged Tasks...[941]: 
SHA256:PTSfhw7pn68x4j4+VhJL9l5Cer/OkMlZdMVzmJg5VZ0 root@ubuntu-xenial
[   46.409010] [cloud-init[0;32m  OK  [0m[941]: ] The key's randomart image is:Reached target Remote File Systems (Pre).

[   46.409919] cloud-init[941]: +---[ECDSA 256]---+
[[0;32m  OK  [0m] Reached target Remote File Systems.
[   46.477071] cloud-init[941]: |             =.==|
[   46.600789]          cloud-initStarting LSB: Set the CPU Frequency Scaling governor to "ondemand"...[941]: 
|            = oE=|
[   46.688894]          cloud-initStarting Permit User Sessions...[941]: 
|          o  .. +|
[   46.741972]          cloud-initStarting LSB: VirtualBox Linux Additions...[941]: 
|         o++.+ . |
[   46.818108]          cloud-initStarting LSB: daemon to balance interrupts for SMP systems...[941]: 
|        So=*+ o  |
[   46.921105]          cloud-initStarting LSB: automatic crash report generation...[941]: 
|         .+==*.  |
[   47.021152] [cloud-init[0;32m  OK  [0m[941]: ] |          o=X+   |Stopped OpenBSD Secure Shell server.

[   47.021865] cloud-init[941]: |         .+o.*.  |
[   47.157004]          cloud-initStarting OpenBSD Secure Shell server...[941]: 
|         ++o++=. |
[   47.244890] [cloud-init[0;32m  OK  [0m[941]: ] +----[SHA256]-----+Started OpenBSD Secure Shell server.

[[0;32m  OK  [0m] Started Permit User Sessions.
[[0;32m  OK  [0m] Started Authenticate and Authorize Users to Run Privileged Tasks.
[   47.245443] cloud-init[941]: Generating public/private ed25519 key pair.
[   47.460933] [cloud-init[0;32m  OK  [0m[941]: ] Your identification has been saved in /etc/ssh/ssh_host_ed25519_key.Started Accounts Service.

[   47.564431] [cloud-init[0;32m  OK  [0m[941]: ] Your public key has been saved in /etc/ssh/ssh_host_ed25519_key.pub.Started LSB: Set the CPU Frequency Scaling governor to "ondemand".

[   47.565059] cloud-init[941]: The key fingerprint is:
         Starting Hold until boot process finishes up...
         Starting Terminate Plymouth Boot Screen...
[[0;32m  OK  [0m] Started LSB: VirtualBox Linux Additions.
[   47.639165] cloud-init[941]: SHA256:nAtATLD/J44QB+dirat3v85tX7S8qHRcFZinH24Nk9U root@ubuntu-xenial
[   47.820728] [cloud-init[0;32m  OK  [0m[941]: ] The key's randomart image is:Started LSB: daemon to balance interrupts for SMP systems.

[   47.821268] [cloud-init[0;32m  OK  [0m[941]: ] +--[ED25519 256]--+Started Apply the settings specified in cloud-config.

[   48.009004] [cloud-init[0;32m  OK  [0m[941]: ] |  .+o        o. .|Started LSB: automatic crash report generation.

[   48.092705] [cloud-init[0;32m  OK  [0m[941]: ] |   o.       o ..E|Started Hold until boot process finishes up.

[   48.093247] cloud-init[941]: |  o o        o.o |
[   48.198042] [cloud-init[0;32m  OK  [0m[941]: ] |   * . . .  ..=  |Started Terminate Plymouth Boot Screen.

[   48.198791] cloud-init[941]: |  + = . S   oo = |
[   48.312531]          cloud-initStarting Set console scheme...[941]: 
| . = . . o + .+ .|
[   48.368684] [cloud-init[0;32m  OK  [0m[941]: ] |  o   o + o +.   |Started Serial Getty on ttyS0.

[   48.369225] cloud-init[941]: |  .o.+ =.. o .   |
[[0;32m  OK  [0m] Started Getty on tty1.
[[0;32m  OK  [0m] Reached target Login Prompts.
[[0;32m  OK  [0m] Reached target Multi-User System.
[   48.493629] cloud-init[941]: |.o...o*oooo .    |
         [   48.648498] cloud-init[941]: +----[SHA256]-----+
Starting Execute cloud user/final scripts...
[[0;32m  OK  [0m] Reached target Graphical Interface.
[   48.655355] cloud-init[1063]: Generating locales (this might take a while)...
[   48.868495]          cloud-initStarting Update UTMP about System Runlevel Changes...[1063]: 
  en_US.UTF-8... done
[[0;32m  OK  [0m] Started Set console scheme.
ci-info: no authorized ssh keys fingerprints found for user ubuntu.
[   48.960509] [cloud-init[0;32m  OK  [0m[1063]: ] Generation complete.Started Update UTMP about System Runlevel Changes.

[   49.149081] cloud-init[1063]: Cloud-init v. 17.1 running 'modules:config' at Thu, 23 Nov 2017 22:01:34 +0000. Up 45.06 seconds.
<14>Nov 23 22:01:38 ec2: 
<14>Nov 23 22:01:38 ec2: #############################################################
<14>Nov 23 22:01:38 ec2: -----BEGIN SSH HOST KEY FINGERPRINTS-----
<14>Nov 23 22:01:38 ec2: 1024 SHA256:hJmLWSeiuVpWcV0nIYVPl4FdWmHEDkVK4k/vVTQ7Sfo root@ubuntu-xenial (DSA)
<14>Nov 23 22:01:38 ec2: 256 SHA256:PTSfhw7pn68x4j4+VhJL9l5Cer/OkMlZdMVzmJg5VZ0 root@ubuntu-xenial (ECDSA)
<14>Nov 23 22:01:38 ec2: 256 SHA256:nAtATLD/J44QB+dirat3v85tX7S8qHRcFZinH24Nk9U root@ubuntu-xenial (ED25519)
<14>Nov 23 22:01:38 ec2: 2048 SHA256:iHat/YGd1MfZ3nc1HU4Z3CIjm3d+rEk7/Q7jf17BF4c root@ubuntu-xenial (RSA)
<14>Nov 23 22:01:38 ec2: -----END SSH HOST KEY FINGERPRINTS-----
<14>Nov 23 22:01:38 ec2: #############################################################
-----BEGIN SSH HOST KEY KEYS-----
ecdsa-sha2-nistp256 AAAAE2VjZHNhLXNoYTItbmlzdHAyNTYAAAAIbmlzdHAyNTYAAABBBJCUFJ9nR5AaJc6pPVSx9H5mnljm/aHqTn3i0rQwbH1hPQw1iEuB/5JbmDn+5huxWugxlkoEGKjUuJbApok+9Kw= root@ubuntu-xenial
ssh-ed25519 AAAAC3NzaC1lZDI1NTE5AAAAIIP8rJ2reR7sJlSXGnM2M8veKLp9niWhnCn6/xtwGs8w root@ubuntu-xenial
ssh-rsa AAAAB3NzaC1yc2EAAAADAQABAAABAQDKykhNw2xaNqF06VQ26nm6UraJSkeMVy7YXOzJ90uAz/F5BJD9PpfrmtVTGrTiwhrzpf0WcRM3QsJf/gaeiv1Rfw7XKOz5VnP9PWphjuwQb3b8UPuGDHS1N1TJLtz/K9GsBgjEE/blX5EKHRL0j10iaDv7dTdYr7BxUzRghnhiOu8abi6eJ/YFb2UsM4E8xCCiRWJu5anZELqLPHFPB0XBP4EEYuWpb3tKwxfd3ZjflZYcmbuUWmTqv8dj/o+dHYqLPzm/dKk3VIx8hmcVrFCU7yx8D7S8+1cLuOk1dr3NWzzaKBOsB6500Q4FWY+BAxzlpVw350W7mVSnorDXsJ0b root@ubuntu-xenial
-----END SSH HOST KEY KEYS-----
[[0;32m  OK  [0m] Created slice User Slice of ubuntu.
[[0;32m  OK  [0m] Started Execute cloud user/final scripts.
[   50.211711] cloud-init[1297]: Cloud-init v. 17.1 running 'modules:final' at Thu, 23 Nov 2017 22:01:38 +0000. Up 48.76 seconds.
[   50.383069] cloud-init[1297]: ci-info: no authorized ssh keys fingerprints found for user ubuntu.
[   50.383385] cloud-init[1297]: Cloud-init v. 17.1 finished at Thu, 23 Nov 2017 22:01:39 +0000. Datasource DataSourceNoCloud [seed=/dev/sdb][dsmode=net].  Up 50.20 seconds
[[0;32m  OK  [0m] Started Session 1 of user ubuntu.
         Starting User Manager for UID 1000...
[[0;32m  OK  [0m] Reached target Cloud-init target.
[[0;32m  OK  [0m] Started User Manager for UID 1000.

Ubuntu 16.04.3 LTS ubuntu-xenial ttyS0

ubuntu-xenial login: 